0 info it worked if it ends with ok
1 verbose cli [ 'node', '/usr/local/bin/npm', 'start' ]
2 info using npm@1.2.2
3 info using node@v0.8.18
4 verbose read json /Users/bsmith/Development/personal/oncetwicesold/package.json
5 warn package.json oncetwicesold@0.0.0 No README.md file found!
6 verbose run-script [ 'prestart', 'start', 'poststart' ]
7 info prestart oncetwicesold@0.0.0
8 info start oncetwicesold@0.0.0
9 verbose unsafe-perm in lifecycle true
10 silly exec sh "-c" "node ./bin/www"
11 silly sh,-c,node ./bin/www,/Users/bsmith/Development/personal/oncetwicesold spawning
12 info oncetwicesold@0.0.0 Failed to exec start script
13 error oncetwicesold@0.0.0 start: `node ./bin/www`
13 error `sh "-c" "node ./bin/www"` failed with 1
14 error Failed at the oncetwicesold@0.0.0 start script.
14 error This is most likely a problem with the oncetwicesold package,
14 error not with npm itself.
14 error Tell the author that this fails on your system:
14 error     node ./bin/www
14 error You can get their info via:
14 error     npm owner ls oncetwicesold
14 error There is likely additional logging output above.
15 error System Darwin 13.1.0
16 error command "node" "/usr/local/bin/npm" "start"
17 error cwd /Users/bsmith/Development/personal/oncetwicesold
18 error node -v v0.8.18
19 error npm -v 1.2.2
20 error code ELIFECYCLE
21 verbose exit [ 1, true ]
